{"C:\\Users\\runneradmin\\AppData\\Local\\Temp\\deploy-20250810101606\\private\\test\\workflow\\workflow-helpers.ts": {"path":"C:\\Users\\runneradmin\\AppData\\Local\\Temp\\deploy-20250810101606\\private\\test\\workflow\\workflow-helpers.ts","all":false,"statementMap":{"0":{"start":{"line":1,"column":0},"end":{"line":1,"column":28}},"44":{"start":{"line":45,"column":0},"end":{"line":45,"column":32}},"47":{"start":{"line":48,"column":0},"end":{"line":48,"column":42}},"48":{"start":{"line":49,"column":0},"end":{"line":49,"column":69}},"49":{"start":{"line":50,"column":0},"end":{"line":50,"column":3}},"51":{"start":{"line":52,"column":0},"end":{"line":52,"column":60}},"52":{"start":{"line":53,"column":0},"end":{"line":53,"column":31}},"53":{"start":{"line":54,"column":0},"end":{"line":54,"column":67}},"54":{"start":{"line":55,"column":0},"end":{"line":55,"column":47}},"55":{"start":{"line":56,"column":0},"end":{"line":56,"column":28}},"57":{"start":{"line":58,"column":0},"end":{"line":58,"column":49}},"58":{"start":{"line":59,"column":0},"end":{"line":59,"column":58}},"59":{"start":{"line":60,"column":0},"end":{"line":60,"column":63}},"60":{"start":{"line":61,"column":0},"end":{"line":61,"column":7}},"61":{"start":{"line":62,"column":0},"end":{"line":62,"column":5}},"63":{"start":{"line":64,"column":0},"end":{"line":64,"column":17}},"64":{"start":{"line":65,"column":0},"end":{"line":65,"column":3}},"66":{"start":{"line":67,"column":0},"end":{"line":67,"column":61}},"67":{"start":{"line":68,"column":0},"end":{"line":68,"column":92}},"68":{"start":{"line":69,"column":0},"end":{"line":69,"column":3}},"70":{"start":{"line":71,"column":0},"end":{"line":71,"column":57}},"71":{"start":{"line":72,"column":0},"end":{"line":72,"column":88}},"72":{"start":{"line":73,"column":0},"end":{"line":73,"column":3}},"74":{"start":{"line":75,"column":0},"end":{"line":75,"column":102}},"75":{"start":{"line":76,"column":0},"end":{"line":76,"column":28}},"77":{"start":{"line":78,"column":0},"end":{"line":78,"column":33}},"78":{"start":{"line":79,"column":0},"end":{"line":79,"column":38}},"80":{"start":{"line":81,"column":0},"end":{"line":81,"column":27}},"81":{"start":{"line":82,"column":0},"end":{"line":82,"column":33}},"82":{"start":{"line":83,"column":0},"end":{"line":83,"column":48}},"83":{"start":{"line":84,"column":0},"end":{"line":84,"column":30}},"84":{"start":{"line":85,"column":0},"end":{"line":85,"column":7}},"85":{"start":{"line":86,"column":0},"end":{"line":86,"column":6}},"87":{"start":{"line":88,"column":0},"end":{"line":88,"column":19}},"88":{"start":{"line":89,"column":0},"end":{"line":89,"column":3}},"90":{"start":{"line":91,"column":0},"end":{"line":91,"column":86}},"91":{"start":{"line":92,"column":0},"end":{"line":92,"column":45}},"92":{"start":{"line":93,"column":0},"end":{"line":93,"column":38}},"94":{"start":{"line":95,"column":0},"end":{"line":95,"column":29}},"95":{"start":{"line":96,"column":0},"end":{"line":96,"column":72}},"96":{"start":{"line":97,"column":0},"end":{"line":97,"column":49}},"98":{"start":{"line":99,"column":0},"end":{"line":99,"column":16}},"99":{"start":{"line":100,"column":0},"end":{"line":100,"column":58}},"100":{"start":{"line":101,"column":0},"end":{"line":101,"column":74}},"101":{"start":{"line":102,"column":0},"end":{"line":102,"column":42}},"102":{"start":{"line":103,"column":0},"end":{"line":103,"column":5}},"104":{"start":{"line":105,"column":0},"end":{"line":105,"column":15}},"105":{"start":{"line":106,"column":0},"end":{"line":106,"column":3}},"106":{"start":{"line":107,"column":0},"end":{"line":107,"column":1}},"108":{"start":{"line":109,"column":0},"end":{"line":109,"column":29}},"109":{"start":{"line":110,"column":0},"end":{"line":110,"column":65}},"110":{"start":{"line":111,"column":0},"end":{"line":111,"column":78}},"112":{"start":{"line":113,"column":0},"end":{"line":113,"column":63}},"113":{"start":{"line":114,"column":0},"end":{"line":114,"column":45}},"114":{"start":{"line":115,"column":0},"end":{"line":115,"column":3}},"116":{"start":{"line":117,"column":0},"end":{"line":117,"column":50}},"117":{"start":{"line":118,"column":0},"end":{"line":118,"column":29}},"118":{"start":{"line":119,"column":0},"end":{"line":119,"column":3}},"120":{"start":{"line":121,"column":0},"end":{"line":121,"column":49}},"121":{"start":{"line":122,"column":0},"end":{"line":122,"column":28}},"122":{"start":{"line":123,"column":0},"end":{"line":123,"column":3}},"124":{"start":{"line":125,"column":0},"end":{"line":125,"column":44}},"125":{"start":{"line":126,"column":0},"end":{"line":126,"column":59}},"126":{"start":{"line":127,"column":0},"end":{"line":127,"column":38}},"127":{"start":{"line":128,"column":0},"end":{"line":128,"column":24}},"128":{"start":{"line":129,"column":0},"end":{"line":129,"column":7}},"129":{"start":{"line":130,"column":0},"end":{"line":130,"column":5}},"130":{"start":{"line":131,"column":0},"end":{"line":131,"column":60}},"131":{"start":{"line":132,"column":0},"end":{"line":132,"column":3}},"133":{"start":{"line":134,"column":0},"end":{"line":134,"column":17}},"134":{"start":{"line":135,"column":0},"end":{"line":135,"column":31}},"135":{"start":{"line":136,"column":0},"end":{"line":136,"column":50}},"136":{"start":{"line":137,"column":0},"end":{"line":137,"column":3}},"138":{"start":{"line":139,"column":0},"end":{"line":139,"column":40}},"139":{"start":{"line":140,"column":0},"end":{"line":140,"column":49}},"140":{"start":{"line":141,"column":0},"end":{"line":141,"column":3}},"141":{"start":{"line":142,"column":0},"end":{"line":142,"column":1}},"143":{"start":{"line":144,"column":0},"end":{"line":144,"column":37}},"144":{"start":{"line":145,"column":0},"end":{"line":145,"column":21}},"145":{"start":{"line":146,"column":0},"end":{"line":146,"column":24}},"146":{"start":{"line":147,"column":0},"end":{"line":147,"column":24}},"147":{"start":{"line":148,"column":0},"end":{"line":148,"column":24}},"148":{"start":{"line":149,"column":0},"end":{"line":149,"column":7}},"149":{"start":{"line":150,"column":0},"end":{"line":150,"column":20}},"150":{"start":{"line":151,"column":0},"end":{"line":151,"column":30}},"151":{"start":{"line":152,"column":0},"end":{"line":152,"column":5}},"153":{"start":{"line":154,"column":0},"end":{"line":154,"column":31}},"154":{"start":{"line":155,"column":0},"end":{"line":155,"column":54}},"155":{"start":{"line":156,"column":0},"end":{"line":156,"column":79}},"156":{"start":{"line":157,"column":0},"end":{"line":157,"column":57}},"157":{"start":{"line":158,"column":0},"end":{"line":158,"column":6}},"159":{"start":{"line":160,"column":0},"end":{"line":160,"column":42}},"161":{"start":{"line":162,"column":0},"end":{"line":162,"column":31}},"162":{"start":{"line":163,"column":0},"end":{"line":163,"column":37}},"163":{"start":{"line":164,"column":0},"end":{"line":164,"column":63}},"165":{"start":{"line":166,"column":0},"end":{"line":166,"column":40}},"166":{"start":{"line":167,"column":0},"end":{"line":167,"column":84}},"167":{"start":{"line":168,"column":0},"end":{"line":168,"column":92}},"168":{"start":{"line":169,"column":0},"end":{"line":169,"column":28}},"169":{"start":{"line":170,"column":0},"end":{"line":170,"column":47}},"170":{"start":{"line":171,"column":0},"end":{"line":171,"column":83}},"171":{"start":{"line":172,"column":0},"end":{"line":172,"column":11}},"172":{"start":{"line":173,"column":0},"end":{"line":173,"column":51}},"173":{"start":{"line":174,"column":0},"end":{"line":174,"column":90}},"174":{"start":{"line":175,"column":0},"end":{"line":175,"column":55}},"175":{"start":{"line":176,"column":0},"end":{"line":176,"column":91}},"176":{"start":{"line":177,"column":0},"end":{"line":177,"column":9}},"177":{"start":{"line":178,"column":0},"end":{"line":178,"column":14}},"178":{"start":{"line":179,"column":0},"end":{"line":179,"column":84}},"179":{"start":{"line":180,"column":0},"end":{"line":180,"column":88}},"180":{"start":{"line":181,"column":0},"end":{"line":181,"column":28}},"181":{"start":{"line":182,"column":0},"end":{"line":182,"column":47}},"182":{"start":{"line":183,"column":0},"end":{"line":183,"column":83}},"183":{"start":{"line":184,"column":0},"end":{"line":184,"column":11}},"184":{"start":{"line":185,"column":0},"end":{"line":185,"column":16}},"185":{"start":{"line":186,"column":0},"end":{"line":186,"column":44}},"186":{"start":{"line":187,"column":0},"end":{"line":187,"column":9}},"187":{"start":{"line":188,"column":0},"end":{"line":188,"column":7}},"188":{"start":{"line":189,"column":0},"end":{"line":189,"column":5}},"190":{"start":{"line":191,"column":0},"end":{"line":191,"column":13}},"191":{"start":{"line":192,"column":0},"end":{"line":192,"column":21}},"192":{"start":{"line":193,"column":0},"end":{"line":193,"column":34}},"193":{"start":{"line":194,"column":0},"end":{"line":194,"column":43}},"194":{"start":{"line":195,"column":0},"end":{"line":195,"column":60}},"195":{"start":{"line":196,"column":0},"end":{"line":196,"column":7}},"196":{"start":{"line":197,"column":0},"end":{"line":197,"column":5}},"197":{"start":{"line":198,"column":0},"end":{"line":198,"column":19}},"198":{"start":{"line":199,"column":0},"end":{"line":199,"column":13}},"199":{"start":{"line":200,"column":0},"end":{"line":200,"column":22}},"200":{"start":{"line":201,"column":0},"end":{"line":201,"column":68}},"201":{"start":{"line":202,"column":0},"end":{"line":202,"column":5}},"202":{"start":{"line":203,"column":0},"end":{"line":203,"column":3}},"203":{"start":{"line":204,"column":0},"end":{"line":204,"column":1}},"205":{"start":{"line":206,"column":0},"end":{"line":206,"column":88}},"206":{"start":{"line":207,"column":0},"end":{"line":207,"column":29}},"208":{"start":{"line":209,"column":0},"end":{"line":209,"column":60}},"209":{"start":{"line":210,"column":0},"end":{"line":210,"column":74}},"210":{"start":{"line":211,"column":0},"end":{"line":211,"column":67}},"211":{"start":{"line":212,"column":0},"end":{"line":212,"column":69}},"212":{"start":{"line":213,"column":0},"end":{"line":213,"column":51}},"213":{"start":{"line":214,"column":0},"end":{"line":214,"column":3}},"214":{"start":{"line":215,"column":0},"end":{"line":215,"column":71}},"216":{"start":{"line":217,"column":0},"end":{"line":217,"column":15}},"217":{"start":{"line":218,"column":0},"end":{"line":218,"column":1}},"219":{"start":{"line":220,"column":0},"end":{"line":220,"column":90}},"220":{"start":{"line":221,"column":0},"end":{"line":221,"column":68}},"221":{"start":{"line":222,"column":0},"end":{"line":222,"column":1}},"223":{"start":{"line":224,"column":0},"end":{"line":224,"column":85}},"224":{"start":{"line":225,"column":0},"end":{"line":225,"column":44}},"225":{"start":{"line":226,"column":0},"end":{"line":226,"column":45}},"226":{"start":{"line":227,"column":0},"end":{"line":227,"column":3}},"228":{"start":{"line":229,"column":0},"end":{"line":229,"column":46}},"229":{"start":{"line":230,"column":0},"end":{"line":230,"column":102}},"231":{"start":{"line":232,"column":0},"end":{"line":232,"column":39}},"232":{"start":{"line":233,"column":0},"end":{"line":233,"column":41}},"233":{"start":{"line":234,"column":0},"end":{"line":234,"column":57}},"234":{"start":{"line":235,"column":0},"end":{"line":235,"column":5}},"235":{"start":{"line":236,"column":0},"end":{"line":236,"column":3}},"237":{"start":{"line":238,"column":0},"end":{"line":238,"column":87}},"238":{"start":{"line":239,"column":0},"end":{"line":239,"column":53}},"239":{"start":{"line":240,"column":0},"end":{"line":240,"column":3}},"240":{"start":{"line":241,"column":0},"end":{"line":241,"column":1}}},"s":{"0":1,"44":1,"47":1,"48":17,"49":17,"51":1,"52":2,"53":2,"54":2,"55":2,"57":2,"58":8,"59":3,"60":3,"61":8,"63":2,"64":2,"66":1,"67":14,"68":14,"70":1,"71":3,"72":3,"74":1,"75":4,"77":3,"78":3,"80":3,"81":271,"82":271,"83":172,"84":172,"85":3,"87":3,"88":4,"90":1,"91":6,"92":6,"94":5,"95":5,"96":5,"98":6,"99":4,"100":4,"101":4,"102":4,"104":1,"105":6,"106":1,"108":1,"109":24,"110":24,"112":1,"113":15,"114":15,"116":1,"117":11,"118":11,"120":1,"121":7,"122":7,"124":1,"125":6,"126":5,"127":5,"128":5,"129":5,"130":1,"131":6,"133":1,"134":2,"135":2,"136":2,"138":1,"139":8,"140":8,"141":1,"143":1,"144":10,"145":10,"146":10,"147":10,"148":10,"149":10,"150":1,"151":1,"153":9,"154":9,"155":4,"156":4,"157":9,"159":9,"161":10,"162":17,"163":17,"165":17,"166":5,"167":2,"168":2,"169":2,"170":2,"171":2,"172":5,"173":1,"174":3,"175":1,"176":1,"177":17,"178":6,"179":2,"180":2,"181":2,"182":2,"183":2,"184":6,"185":4,"186":4,"187":6,"188":17,"190":7,"191":7,"192":7,"193":7,"194":7,"195":7,"196":7,"197":10,"198":2,"199":2,"200":2,"201":2,"202":2,"203":10,"205":1,"206":3,"208":3,"209":3,"210":3,"211":3,"212":1,"213":1,"214":3,"216":3,"217":3,"219":1,"220":8,"221":8,"223":1,"224":8,"225":4,"226":4,"228":4,"229":4,"231":8,"232":11,"233":2,"234":2,"235":11,"237":8,"238":1,"239":1,"240":8},"branchMap":{"0":{"type":"branch","line":48,"loc":{"start":{"line":48,"column":2},"end":{"line":50,"column":3}},"locations":[{"start":{"line":48,"column":2},"end":{"line":50,"column":3}}]},"1":{"type":"branch","line":52,"loc":{"start":{"line":52,"column":2},"end":{"line":65,"column":3}},"locations":[{"start":{"line":52,"column":2},"end":{"line":65,"column":3}}]},"2":{"type":"branch","line":58,"loc":{"start":{"line":58,"column":48},"end":{"line":62,"column":5}},"locations":[{"start":{"line":58,"column":48},"end":{"line":62,"column":5}}]},"3":{"type":"branch","line":59,"loc":{"start":{"line":59,"column":57},"end":{"line":61,"column":7}},"locations":[{"start":{"line":59,"column":57},"end":{"line":61,"column":7}}]},"4":{"type":"branch","line":55,"loc":{"start":{"line":55,"column":14},"end":{"line":55,"column":46}},"locations":[{"start":{"line":55,"column":14},"end":{"line":55,"column":46}}]},"5":{"type":"branch","line":56,"loc":{"start":{"line":56,"column":11},"end":{"line":56,"column":27}},"locations":[{"start":{"line":56,"column":11},"end":{"line":56,"column":27}}]},"6":{"type":"branch","line":67,"loc":{"start":{"line":67,"column":2},"end":{"line":69,"column":3}},"locations":[{"start":{"line":67,"column":2},"end":{"line":69,"column":3}}]},"7":{"type":"branch","line":68,"loc":{"start":{"line":68,"column":45},"end":{"line":68,"column":91}},"locations":[{"start":{"line":68,"column":45},"end":{"line":68,"column":91}}]},"8":{"type":"branch","line":71,"loc":{"start":{"line":71,"column":2},"end":{"line":73,"column":3}},"locations":[{"start":{"line":71,"column":2},"end":{"line":73,"column":3}}]},"9":{"type":"branch","line":72,"loc":{"start":{"line":72,"column":45},"end":{"line":72,"column":87}},"locations":[{"start":{"line":72,"column":45},"end":{"line":72,"column":87}}]},"10":{"type":"branch","line":75,"loc":{"start":{"line":75,"column":2},"end":{"line":89,"column":3}},"locations":[{"start":{"line":75,"column":2},"end":{"line":89,"column":3}}]},"11":{"type":"branch","line":76,"loc":{"start":{"line":76,"column":19},"end":{"line":76,"column":28}},"locations":[{"start":{"line":76,"column":19},"end":{"line":76,"column":28}}]},"12":{"type":"branch","line":76,"loc":{"start":{"line":76,"column":27},"end":{"line":88,"column":19}},"locations":[{"start":{"line":76,"column":27},"end":{"line":88,"column":19}}]},"13":{"type":"branch","line":81,"loc":{"start":{"line":81,"column":18},"end":{"line":86,"column":5}},"locations":[{"start":{"line":81,"column":18},"end":{"line":86,"column":5}}]},"14":{"type":"branch","line":83,"loc":{"start":{"line":83,"column":10},"end":{"line":83,"column":47}},"locations":[{"start":{"line":83,"column":10},"end":{"line":83,"column":47}}]},"15":{"type":"branch","line":83,"loc":{"start":{"line":83,"column":47},"end":{"line":85,"column":7}},"locations":[{"start":{"line":83,"column":47},"end":{"line":85,"column":7}}]},"16":{"type":"branch","line":91,"loc":{"start":{"line":91,"column":2},"end":{"line":106,"column":3}},"locations":[{"start":{"line":91,"column":2},"end":{"line":106,"column":3}}]},"17":{"type":"branch","line":93,"loc":{"start":{"line":93,"column":27},"end":{"line":93,"column":38}},"locations":[{"start":{"line":93,"column":27},"end":{"line":93,"column":38}}]},"18":{"type":"branch","line":93,"loc":{"start":{"line":93,"column":34},"end":{"line":99,"column":15}},"locations":[{"start":{"line":93,"column":34},"end":{"line":99,"column":15}}]},"19":{"type":"branch","line":99,"loc":{"start":{"line":99,"column":15},"end":{"line":103,"column":5}},"locations":[{"start":{"line":99,"column":15},"end":{"line":103,"column":5}}]},"20":{"type":"branch","line":103,"loc":{"start":{"line":103,"column":4},"end":{"line":105,"column":15}},"locations":[{"start":{"line":103,"column":4},"end":{"line":105,"column":15}}]},"21":{"type":"branch","line":109,"loc":{"start":{"line":109,"column":7},"end":{"line":111,"column":78}},"locations":[{"start":{"line":109,"column":7},"end":{"line":111,"column":78}}]},"22":{"type":"branch","line":113,"loc":{"start":{"line":113,"column":2},"end":{"line":115,"column":3}},"locations":[{"start":{"line":113,"column":2},"end":{"line":115,"column":3}}]},"23":{"type":"branch","line":117,"loc":{"start":{"line":117,"column":2},"end":{"line":119,"column":3}},"locations":[{"start":{"line":117,"column":2},"end":{"line":119,"column":3}}]},"24":{"type":"branch","line":121,"loc":{"start":{"line":121,"column":2},"end":{"line":123,"column":3}},"locations":[{"start":{"line":121,"column":2},"end":{"line":123,"column":3}}]},"25":{"type":"branch","line":125,"loc":{"start":{"line":125,"column":2},"end":{"line":132,"column":3}},"locations":[{"start":{"line":125,"column":2},"end":{"line":132,"column":3}}]},"26":{"type":"branch","line":126,"loc":{"start":{"line":126,"column":58},"end":{"line":130,"column":5}},"locations":[{"start":{"line":126,"column":58},"end":{"line":130,"column":5}}]},"27":{"type":"branch","line":130,"loc":{"start":{"line":130,"column":4},"end":{"line":131,"column":60}},"locations":[{"start":{"line":130,"column":4},"end":{"line":131,"column":60}}]},"28":{"type":"branch","line":134,"loc":{"start":{"line":134,"column":2},"end":{"line":137,"column":3}},"locations":[{"start":{"line":134,"column":2},"end":{"line":137,"column":3}}]},"29":{"type":"branch","line":139,"loc":{"start":{"line":139,"column":2},"end":{"line":141,"column":3}},"locations":[{"start":{"line":139,"column":2},"end":{"line":141,"column":3}}]},"30":{"type":"branch","line":144,"loc":{"start":{"line":144,"column":7},"end":{"line":204,"column":1}},"locations":[{"start":{"line":144,"column":7},"end":{"line":204,"column":1}}]},"31":{"type":"branch","line":150,"loc":{"start":{"line":150,"column":19},"end":{"line":152,"column":5}},"locations":[{"start":{"line":150,"column":19},"end":{"line":152,"column":5}}]},"32":{"type":"branch","line":152,"loc":{"start":{"line":152,"column":4},"end":{"line":162,"column":30}},"locations":[{"start":{"line":152,"column":4},"end":{"line":162,"column":30}}]},"33":{"type":"branch","line":162,"loc":{"start":{"line":162,"column":30},"end":{"line":189,"column":5}},"locations":[{"start":{"line":162,"column":30},"end":{"line":189,"column":5}}]},"34":{"type":"branch","line":164,"loc":{"start":{"line":164,"column":11},"end":{"line":164,"column":55}},"locations":[{"start":{"line":164,"column":11},"end":{"line":164,"column":55}}]},"35":{"type":"branch","line":164,"loc":{"start":{"line":164,"column":55},"end":{"line":164,"column":63}},"locations":[{"start":{"line":164,"column":55},"end":{"line":164,"column":63}}]},"36":{"type":"branch","line":164,"loc":{"start":{"line":164,"column":55},"end":{"line":166,"column":39}},"locations":[{"start":{"line":164,"column":55},"end":{"line":166,"column":39}}]},"37":{"type":"branch","line":166,"loc":{"start":{"line":166,"column":39},"end":{"line":178,"column":13}},"locations":[{"start":{"line":166,"column":39},"end":{"line":178,"column":13}}]},"38":{"type":"branch","line":167,"loc":{"start":{"line":167,"column":39},"end":{"line":167,"column":83}},"locations":[{"start":{"line":167,"column":39},"end":{"line":167,"column":83}}]},"39":{"type":"branch","line":167,"loc":{"start":{"line":167,"column":83},"end":{"line":173,"column":19}},"locations":[{"start":{"line":167,"column":83},"end":{"line":173,"column":19}}]},"40":{"type":"branch","line":173,"loc":{"start":{"line":173,"column":8},"end":{"line":177,"column":9}},"locations":[{"start":{"line":173,"column":8},"end":{"line":177,"column":9}}]},"41":{"type":"branch","line":173,"loc":{"start":{"line":173,"column":50},"end":{"line":175,"column":19}},"locations":[{"start":{"line":173,"column":50},"end":{"line":175,"column":19}}]},"42":{"type":"branch","line":175,"loc":{"start":{"line":175,"column":8},"end":{"line":177,"column":9}},"locations":[{"start":{"line":175,"column":8},"end":{"line":177,"column":9}}]},"43":{"type":"branch","line":175,"loc":{"start":{"line":175,"column":54},"end":{"line":177,"column":9}},"locations":[{"start":{"line":175,"column":54},"end":{"line":177,"column":9}}]},"44":{"type":"branch","line":178,"loc":{"start":{"line":178,"column":6},"end":{"line":188,"column":7}},"locations":[{"start":{"line":178,"column":6},"end":{"line":188,"column":7}}]},"45":{"type":"branch","line":179,"loc":{"start":{"line":179,"column":39},"end":{"line":179,"column":83}},"locations":[{"start":{"line":179,"column":39},"end":{"line":179,"column":83}}]},"46":{"type":"branch","line":179,"loc":{"start":{"line":179,"column":83},"end":{"line":185,"column":15}},"locations":[{"start":{"line":179,"column":83},"end":{"line":185,"column":15}}]},"47":{"type":"branch","line":185,"loc":{"start":{"line":185,"column":8},"end":{"line":187,"column":9}},"locations":[{"start":{"line":185,"column":8},"end":{"line":187,"column":9}}]},"48":{"type":"branch","line":189,"loc":{"start":{"line":189,"column":4},"end":{"line":198,"column":11}},"locations":[{"start":{"line":189,"column":4},"end":{"line":198,"column":11}}]},"49":{"type":"branch","line":198,"loc":{"start":{"line":198,"column":2},"end":{"line":203,"column":3}},"locations":[{"start":{"line":198,"column":2},"end":{"line":203,"column":3}}]},"50":{"type":"branch","line":201,"loc":{"start":{"line":201,"column":30},"end":{"line":201,"column":54}},"locations":[{"start":{"line":201,"column":30},"end":{"line":201,"column":54}}]},"51":{"type":"branch","line":201,"loc":{"start":{"line":201,"column":44},"end":{"line":201,"column":68}},"locations":[{"start":{"line":201,"column":44},"end":{"line":201,"column":68}}]},"52":{"type":"branch","line":155,"loc":{"start":{"line":155,"column":35},"end":{"line":158,"column":5}},"locations":[{"start":{"line":155,"column":35},"end":{"line":158,"column":5}}]},"53":{"type":"branch","line":195,"loc":{"start":{"line":195,"column":18},"end":{"line":195,"column":59}},"locations":[{"start":{"line":195,"column":18},"end":{"line":195,"column":59}}]},"54":{"type":"branch","line":206,"loc":{"start":{"line":206,"column":7},"end":{"line":218,"column":1}},"locations":[{"start":{"line":206,"column":7},"end":{"line":218,"column":1}}]},"55":{"type":"branch","line":209,"loc":{"start":{"line":209,"column":26},"end":{"line":209,"column":60}},"locations":[{"start":{"line":209,"column":26},"end":{"line":209,"column":60}}]},"56":{"type":"branch","line":210,"loc":{"start":{"line":210,"column":33},"end":{"line":210,"column":74}},"locations":[{"start":{"line":210,"column":33},"end":{"line":210,"column":74}}]},"57":{"type":"branch","line":211,"loc":{"start":{"line":211,"column":26},"end":{"line":211,"column":67}},"locations":[{"start":{"line":211,"column":26},"end":{"line":211,"column":67}}]},"58":{"type":"branch","line":212,"loc":{"start":{"line":212,"column":19},"end":{"line":212,"column":68}},"locations":[{"start":{"line":212,"column":19},"end":{"line":212,"column":68}}]},"59":{"type":"branch","line":212,"loc":{"start":{"line":212,"column":68},"end":{"line":214,"column":3}},"locations":[{"start":{"line":212,"column":68},"end":{"line":214,"column":3}}]},"60":{"type":"branch","line":215,"loc":{"start":{"line":215,"column":28},"end":{"line":215,"column":71}},"locations":[{"start":{"line":215,"column":28},"end":{"line":215,"column":71}}]},"61":{"type":"branch","line":220,"loc":{"start":{"line":220,"column":7},"end":{"line":222,"column":1}},"locations":[{"start":{"line":220,"column":7},"end":{"line":222,"column":1}}]},"62":{"type":"branch","line":224,"loc":{"start":{"line":224,"column":7},"end":{"line":241,"column":1}},"locations":[{"start":{"line":224,"column":7},"end":{"line":241,"column":1}}]},"63":{"type":"branch","line":225,"loc":{"start":{"line":225,"column":7},"end":{"line":225,"column":43}},"locations":[{"start":{"line":225,"column":7},"end":{"line":225,"column":43}}]},"64":{"type":"branch","line":225,"loc":{"start":{"line":225,"column":43},"end":{"line":232,"column":38}},"locations":[{"start":{"line":225,"column":43},"end":{"line":232,"column":38}}]},"65":{"type":"branch","line":232,"loc":{"start":{"line":232,"column":38},"end":{"line":236,"column":3}},"locations":[{"start":{"line":232,"column":38},"end":{"line":236,"column":3}}]},"66":{"type":"branch","line":233,"loc":{"start":{"line":233,"column":40},"end":{"line":235,"column":5}},"locations":[{"start":{"line":233,"column":40},"end":{"line":235,"column":5}}]},"67":{"type":"branch","line":236,"loc":{"start":{"line":236,"column":2},"end":{"line":238,"column":44}},"locations":[{"start":{"line":236,"column":2},"end":{"line":238,"column":44}}]},"68":{"type":"branch","line":238,"loc":{"start":{"line":238,"column":31},"end":{"line":238,"column":86}},"locations":[{"start":{"line":238,"column":31},"end":{"line":238,"column":86}}]},"69":{"type":"branch","line":238,"loc":{"start":{"line":238,"column":86},"end":{"line":240,"column":3}},"locations":[{"start":{"line":238,"column":86},"end":{"line":240,"column":3}}]}},"b":{"0":[17],"1":[2],"2":[8],"3":[3],"4":[10],"5":[8],"6":[14],"7":[24],"8":[3],"9":[2],"10":[4],"11":[1],"12":[3],"13":[271],"14":[221],"15":[172],"16":[6],"17":[1],"18":[5],"19":[4],"20":[1],"21":[24],"22":[15],"23":[11],"24":[7],"25":[6],"26":[5],"27":[1],"28":[2],"29":[8],"30":[10],"31":[1],"32":[9],"33":[17],"34":[13],"35":[6],"36":[11],"37":[5],"38":[3],"39":[2],"40":[3],"41":[1],"42":[2],"43":[1],"44":[6],"45":[3],"46":[2],"47":[4],"48":[7],"49":[2],"50":[1],"51":[1],"52":[4],"53":[6],"54":[3],"55":[1],"56":[1],"57":[1],"58":[2],"59":[1],"60":[1],"61":[8],"62":[8],"63":[6],"64":[4],"65":[11],"66":[2],"67":[2],"68":[1],"69":[1]},"fnMap":{"0":{"name":"WorkflowValidator","decl":{"start":{"line":48,"column":2},"end":{"line":50,"column":3}},"loc":{"start":{"line":48,"column":2},"end":{"line":50,"column":3}},"line":48},"1":{"name":"validateInputs","decl":{"start":{"line":52,"column":2},"end":{"line":65,"column":3}},"loc":{"start":{"line":52,"column":2},"end":{"line":65,"column":3}},"line":52},"2":{"name":"getStepByName","decl":{"start":{"line":67,"column":2},"end":{"line":69,"column":3}},"loc":{"start":{"line":67,"column":2},"end":{"line":69,"column":3}},"line":67},"3":{"name":"getStepById","decl":{"start":{"line":71,"column":2},"end":{"line":73,"column":3}},"loc":{"start":{"line":71,"column":2},"end":{"line":73,"column":3}},"line":71},"4":{"name":"extractCommandsFromStep","decl":{"start":{"line":75,"column":2},"end":{"line":89,"column":3}},"loc":{"start":{"line":75,"column":2},"end":{"line":89,"column":3}},"line":75},"5":{"name":"validateStepConditions","decl":{"start":{"line":91,"column":2},"end":{"line":106,"column":3}},"loc":{"start":{"line":91,"column":2},"end":{"line":106,"column":3}},"line":91},"6":{"name":"WorkflowMocker","decl":{"start":{"line":109,"column":7},"end":{"line":111,"column":78}},"loc":{"start":{"line":109,"column":7},"end":{"line":111,"column":78}},"line":109},"7":{"name":"mockCommand","decl":{"start":{"line":113,"column":2},"end":{"line":115,"column":3}},"loc":{"start":{"line":113,"column":2},"end":{"line":115,"column":3}},"line":113},"8":{"name":"setOutput","decl":{"start":{"line":117,"column":2},"end":{"line":119,"column":3}},"loc":{"start":{"line":117,"column":2},"end":{"line":119,"column":3}},"line":117},"9":{"name":"getOutput","decl":{"start":{"line":121,"column":2},"end":{"line":123,"column":3}},"loc":{"start":{"line":121,"column":2},"end":{"line":123,"column":3}},"line":121},"10":{"name":"executeCommand","decl":{"start":{"line":125,"column":2},"end":{"line":132,"column":3}},"loc":{"start":{"line":125,"column":2},"end":{"line":132,"column":3}},"line":125},"11":{"name":"reset","decl":{"start":{"line":134,"column":2},"end":{"line":137,"column":3}},"loc":{"start":{"line":134,"column":2},"end":{"line":137,"column":3}},"line":134},"12":{"name":"getOutputs","decl":{"start":{"line":139,"column":2},"end":{"line":141,"column":3}},"loc":{"start":{"line":139,"column":2},"end":{"line":141,"column":3}},"line":139},"13":{"name":"simulateWorkflowStep","decl":{"start":{"line":144,"column":7},"end":{"line":204,"column":1}},"loc":{"start":{"line":144,"column":7},"end":{"line":204,"column":1}},"line":144},"14":{"name":"validateActionStructure","decl":{"start":{"line":206,"column":7},"end":{"line":218,"column":1}},"loc":{"start":{"line":206,"column":7},"end":{"line":218,"column":1}},"line":206},"15":{"name":"isValidShell","decl":{"start":{"line":220,"column":7},"end":{"line":222,"column":1}},"loc":{"start":{"line":220,"column":7},"end":{"line":222,"column":1}},"line":220},"16":{"name":"assertWorkflowInput","decl":{"start":{"line":224,"column":7},"end":{"line":241,"column":1}},"loc":{"start":{"line":224,"column":7},"end":{"line":241,"column":1}},"line":224}},"f":{"0":17,"1":2,"2":14,"3":3,"4":4,"5":6,"6":24,"7":15,"8":11,"9":7,"10":6,"11":2,"12":8,"13":10,"14":3,"15":8,"16":8}}
}
