{"C:\\Users\\runneradmin\\AppData\\Local\\Temp\\deploy-20250811120952\\private\\src\\workflow\\yaml-parser.ts": {"path":"C:\\Users\\runneradmin\\AppData\\Local\\Temp\\deploy-20250811120952\\private\\src\\workflow\\yaml-parser.ts","all":false,"statementMap":{"0":{"start":{"line":1,"column":0},"end":{"line":1,"column":28}},"1":{"start":{"line":2,"column":0},"end":{"line":2,"column":24}},"2":{"start":{"line":3,"column":0},"end":{"line":3,"column":28}},"55":{"start":{"line":56,"column":0},"end":{"line":56,"column":25}},"56":{"start":{"line":57,"column":0},"end":{"line":57,"column":45}},"58":{"start":{"line":59,"column":0},"end":{"line":59,"column":52}},"59":{"start":{"line":60,"column":0},"end":{"line":60,"column":73}},"61":{"start":{"line":62,"column":0},"end":{"line":62,"column":37}},"62":{"start":{"line":63,"column":0},"end":{"line":63,"column":39}},"63":{"start":{"line":64,"column":0},"end":{"line":64,"column":5}},"65":{"start":{"line":66,"column":0},"end":{"line":66,"column":56}},"66":{"start":{"line":67,"column":0},"end":{"line":67,"column":54}},"68":{"start":{"line":69,"column":0},"end":{"line":69,"column":37}},"69":{"start":{"line":70,"column":0},"end":{"line":70,"column":38}},"71":{"start":{"line":72,"column":0},"end":{"line":72,"column":17}},"72":{"start":{"line":73,"column":0},"end":{"line":73,"column":3}},"74":{"start":{"line":75,"column":0},"end":{"line":75,"column":56}},"75":{"start":{"line":76,"column":0},"end":{"line":76,"column":95}},"77":{"start":{"line":78,"column":0},"end":{"line":78,"column":37}},"78":{"start":{"line":79,"column":0},"end":{"line":79,"column":39}},"79":{"start":{"line":80,"column":0},"end":{"line":80,"column":5}},"81":{"start":{"line":82,"column":0},"end":{"line":82,"column":56}},"82":{"start":{"line":83,"column":0},"end":{"line":83,"column":56}},"84":{"start":{"line":85,"column":0},"end":{"line":85,"column":39}},"85":{"start":{"line":86,"column":0},"end":{"line":86,"column":38}},"87":{"start":{"line":88,"column":0},"end":{"line":88,"column":17}},"88":{"start":{"line":89,"column":0},"end":{"line":89,"column":3}},"90":{"start":{"line":91,"column":0},"end":{"line":91,"column":60}},"91":{"start":{"line":92,"column":0},"end":{"line":92,"column":23}},"92":{"start":{"line":93,"column":0},"end":{"line":93,"column":48}},"93":{"start":{"line":94,"column":0},"end":{"line":94,"column":5}},"95":{"start":{"line":96,"column":0},"end":{"line":96,"column":30}},"96":{"start":{"line":97,"column":0},"end":{"line":97,"column":55}},"97":{"start":{"line":98,"column":0},"end":{"line":98,"column":5}},"99":{"start":{"line":100,"column":0},"end":{"line":100,"column":60}},"100":{"start":{"line":101,"column":0},"end":{"line":101,"column":55}},"101":{"start":{"line":102,"column":0},"end":{"line":102,"column":5}},"103":{"start":{"line":104,"column":0},"end":{"line":104,"column":63}},"104":{"start":{"line":105,"column":0},"end":{"line":105,"column":59}},"105":{"start":{"line":106,"column":0},"end":{"line":106,"column":5}},"106":{"start":{"line":107,"column":0},"end":{"line":107,"column":3}},"108":{"start":{"line":109,"column":0},"end":{"line":109,"column":64}},"109":{"start":{"line":110,"column":0},"end":{"line":110,"column":23}},"110":{"start":{"line":111,"column":0},"end":{"line":111,"column":50}},"111":{"start":{"line":112,"column":0},"end":{"line":112,"column":5}},"113":{"start":{"line":114,"column":0},"end":{"line":114,"column":21}},"114":{"start":{"line":115,"column":0},"end":{"line":115,"column":52}},"115":{"start":{"line":116,"column":0},"end":{"line":116,"column":5}},"117":{"start":{"line":118,"column":0},"end":{"line":118,"column":64}},"118":{"start":{"line":119,"column":0},"end":{"line":119,"column":60}},"119":{"start":{"line":120,"column":0},"end":{"line":120,"column":5}},"120":{"start":{"line":121,"column":0},"end":{"line":121,"column":3}},"122":{"start":{"line":123,"column":0},"end":{"line":123,"column":22}},"123":{"start":{"line":124,"column":0},"end":{"line":124,"column":22}},"124":{"start":{"line":125,"column":0},"end":{"line":125,"column":3}},"126":{"start":{"line":127,"column":0},"end":{"line":127,"column":26}},"127":{"start":{"line":128,"column":0},"end":{"line":128,"column":26}},"128":{"start":{"line":129,"column":0},"end":{"line":129,"column":3}},"130":{"start":{"line":131,"column":0},"end":{"line":131,"column":49}},"134":{"start":{"line":135,"column":0},"end":{"line":135,"column":5}},"135":{"start":{"line":136,"column":0},"end":{"line":136,"column":57}},"136":{"start":{"line":137,"column":0},"end":{"line":137,"column":41}},"138":{"start":{"line":139,"column":0},"end":{"line":139,"column":35}},"139":{"start":{"line":140,"column":0},"end":{"line":140,"column":32}},"140":{"start":{"line":141,"column":0},"end":{"line":141,"column":33}},"142":{"start":{"line":143,"column":0},"end":{"line":143,"column":27}},"143":{"start":{"line":144,"column":0},"end":{"line":144,"column":21}},"145":{"start":{"line":146,"column":0},"end":{"line":146,"column":52}},"146":{"start":{"line":147,"column":0},"end":{"line":147,"column":56}},"147":{"start":{"line":148,"column":0},"end":{"line":148,"column":36}},"148":{"start":{"line":149,"column":0},"end":{"line":149,"column":9}},"151":{"start":{"line":152,"column":0},"end":{"line":152,"column":53}},"152":{"start":{"line":153,"column":0},"end":{"line":153,"column":33}},"153":{"start":{"line":154,"column":0},"end":{"line":154,"column":9}},"156":{"start":{"line":157,"column":0},"end":{"line":157,"column":66}},"157":{"start":{"line":158,"column":0},"end":{"line":158,"column":34}},"158":{"start":{"line":159,"column":0},"end":{"line":159,"column":9}},"159":{"start":{"line":160,"column":0},"end":{"line":160,"column":7}},"160":{"start":{"line":161,"column":0},"end":{"line":161,"column":6}},"162":{"start":{"line":163,"column":0},"end":{"line":163,"column":12}},"163":{"start":{"line":164,"column":0},"end":{"line":164,"column":26}},"164":{"start":{"line":165,"column":0},"end":{"line":165,"column":23}},"165":{"start":{"line":166,"column":0},"end":{"line":166,"column":23}},"166":{"start":{"line":167,"column":0},"end":{"line":167,"column":5}},"167":{"start":{"line":168,"column":0},"end":{"line":168,"column":3}},"169":{"start":{"line":170,"column":0},"end":{"line":170,"column":51}},"173":{"start":{"line":174,"column":0},"end":{"line":174,"column":5}},"174":{"start":{"line":175,"column":0},"end":{"line":175,"column":61}},"175":{"start":{"line":176,"column":0},"end":{"line":176,"column":44}},"177":{"start":{"line":178,"column":0},"end":{"line":178,"column":68}},"178":{"start":{"line":179,"column":0},"end":{"line":179,"column":14}},"179":{"start":{"line":180,"column":0},"end":{"line":180,"column":29}},"180":{"start":{"line":181,"column":0},"end":{"line":181,"column":25}},"181":{"start":{"line":182,"column":0},"end":{"line":182,"column":28}},"182":{"start":{"line":183,"column":0},"end":{"line":183,"column":7}},"183":{"start":{"line":184,"column":0},"end":{"line":184,"column":5}},"185":{"start":{"line":186,"column":0},"end":{"line":186,"column":42}},"186":{"start":{"line":187,"column":0},"end":{"line":187,"column":44}},"187":{"start":{"line":188,"column":0},"end":{"line":188,"column":53}},"189":{"start":{"line":190,"column":0},"end":{"line":190,"column":12}},"190":{"start":{"line":191,"column":0},"end":{"line":191,"column":23}},"191":{"start":{"line":192,"column":0},"end":{"line":192,"column":19}},"192":{"start":{"line":193,"column":0},"end":{"line":193,"column":70}},"193":{"start":{"line":194,"column":0},"end":{"line":194,"column":5}},"194":{"start":{"line":195,"column":0},"end":{"line":195,"column":3}},"196":{"start":{"line":197,"column":0},"end":{"line":197,"column":56}},"197":{"start":{"line":198,"column":0},"end":{"line":198,"column":57}},"198":{"start":{"line":199,"column":0},"end":{"line":199,"column":49}},"199":{"start":{"line":200,"column":0},"end":{"line":200,"column":3}},"201":{"start":{"line":202,"column":0},"end":{"line":202,"column":59}},"202":{"start":{"line":203,"column":0},"end":{"line":203,"column":61}},"203":{"start":{"line":204,"column":0},"end":{"line":204,"column":30}},"205":{"start":{"line":206,"column":0},"end":{"line":206,"column":55}},"206":{"start":{"line":207,"column":0},"end":{"line":207,"column":33}},"207":{"start":{"line":208,"column":0},"end":{"line":208,"column":29}},"208":{"start":{"line":209,"column":0},"end":{"line":209,"column":8}},"209":{"start":{"line":210,"column":0},"end":{"line":210,"column":6}},"211":{"start":{"line":212,"column":0},"end":{"line":212,"column":16}},"212":{"start":{"line":213,"column":0},"end":{"line":213,"column":3}},"214":{"start":{"line":215,"column":0},"end":{"line":215,"column":54}},"218":{"start":{"line":219,"column":0},"end":{"line":219,"column":5}},"219":{"start":{"line":220,"column":0},"end":{"line":220,"column":57}},"220":{"start":{"line":221,"column":0},"end":{"line":221,"column":41}},"222":{"start":{"line":223,"column":0},"end":{"line":223,"column":33}},"223":{"start":{"line":224,"column":0},"end":{"line":224,"column":31}},"224":{"start":{"line":225,"column":0},"end":{"line":225,"column":36}},"226":{"start":{"line":227,"column":0},"end":{"line":227,"column":27}},"227":{"start":{"line":228,"column":0},"end":{"line":228,"column":21}},"228":{"start":{"line":229,"column":0},"end":{"line":229,"column":251}},"229":{"start":{"line":230,"column":0},"end":{"line":230,"column":34}},"230":{"start":{"line":231,"column":0},"end":{"line":231,"column":9}},"232":{"start":{"line":233,"column":0},"end":{"line":233,"column":102}},"233":{"start":{"line":234,"column":0},"end":{"line":234,"column":32}},"234":{"start":{"line":235,"column":0},"end":{"line":235,"column":9}},"236":{"start":{"line":237,"column":0},"end":{"line":237,"column":85}},"237":{"start":{"line":238,"column":0},"end":{"line":238,"column":37}},"238":{"start":{"line":239,"column":0},"end":{"line":239,"column":9}},"239":{"start":{"line":240,"column":0},"end":{"line":240,"column":7}},"240":{"start":{"line":241,"column":0},"end":{"line":241,"column":6}},"242":{"start":{"line":243,"column":0},"end":{"line":243,"column":12}},"243":{"start":{"line":244,"column":0},"end":{"line":244,"column":24}},"244":{"start":{"line":245,"column":0},"end":{"line":245,"column":22}},"245":{"start":{"line":246,"column":0},"end":{"line":246,"column":26}},"246":{"start":{"line":247,"column":0},"end":{"line":247,"column":5}},"247":{"start":{"line":248,"column":0},"end":{"line":248,"column":3}},"248":{"start":{"line":249,"column":0},"end":{"line":249,"column":1}}},"s":{"0":1,"1":1,"2":1,"55":1,"56":62,"58":1,"59":28,"61":28,"62":1,"63":1,"65":27,"66":27,"68":27,"69":27,"71":27,"72":28,"74":1,"75":28,"77":28,"78":1,"79":1,"81":27,"82":27,"84":27,"85":27,"87":27,"88":28,"90":1,"91":31,"92":1,"93":1,"95":31,"96":1,"97":1,"99":31,"100":1,"101":1,"103":31,"104":1,"105":1,"106":31,"108":1,"109":30,"110":1,"111":1,"113":30,"114":1,"115":1,"117":30,"118":1,"119":1,"120":30,"122":1,"123":1,"124":1,"126":1,"127":7,"128":7,"130":1,"134":3,"135":3,"136":3,"138":3,"139":3,"140":3,"142":3,"143":5,"145":5,"146":5,"147":2,"148":2,"151":5,"152":2,"153":2,"156":5,"157":2,"158":2,"159":5,"160":3,"162":3,"163":3,"164":3,"165":3,"166":3,"167":3,"169":1,"173":2,"174":2,"175":2,"177":2,"178":1,"179":1,"180":1,"181":1,"182":1,"183":1,"185":1,"186":2,"187":2,"189":2,"190":2,"191":2,"192":2,"193":2,"194":2,"196":1,"197":1,"198":1,"199":1,"201":1,"202":1,"203":1,"205":1,"206":1,"207":7,"208":1,"209":1,"211":1,"212":1,"214":1,"218":1,"219":1,"220":1,"222":1,"223":1,"224":1,"226":1,"227":3,"228":3,"229":2,"230":2,"232":3,"233":1,"234":1,"236":3,"237":2,"238":2,"239":3,"240":1,"242":1,"243":1,"244":1,"245":1,"246":1,"247":1,"248":1},"branchMap":{"0":{"type":"branch","line":56,"loc":{"start":{"line":56,"column":7},"end":{"line":57,"column":45}},"locations":[{"start":{"line":56,"column":7},"end":{"line":57,"column":45}}]},"1":{"type":"branch","line":59,"loc":{"start":{"line":59,"column":2},"end":{"line":73,"column":3}},"locations":[{"start":{"line":59,"column":2},"end":{"line":73,"column":3}}]},"2":{"type":"branch","line":62,"loc":{"start":{"line":62,"column":36},"end":{"line":64,"column":5}},"locations":[{"start":{"line":62,"column":36},"end":{"line":64,"column":5}}]},"3":{"type":"branch","line":64,"loc":{"start":{"line":64,"column":4},"end":{"line":72,"column":17}},"locations":[{"start":{"line":64,"column":4},"end":{"line":72,"column":17}}]},"4":{"type":"branch","line":75,"loc":{"start":{"line":75,"column":2},"end":{"line":89,"column":3}},"locations":[{"start":{"line":75,"column":2},"end":{"line":89,"column":3}}]},"5":{"type":"branch","line":78,"loc":{"start":{"line":78,"column":36},"end":{"line":80,"column":5}},"locations":[{"start":{"line":78,"column":36},"end":{"line":80,"column":5}}]},"6":{"type":"branch","line":80,"loc":{"start":{"line":80,"column":4},"end":{"line":88,"column":17}},"locations":[{"start":{"line":80,"column":4},"end":{"line":88,"column":17}}]},"7":{"type":"branch","line":91,"loc":{"start":{"line":91,"column":10},"end":{"line":107,"column":3}},"locations":[{"start":{"line":91,"column":10},"end":{"line":107,"column":3}}]},"8":{"type":"branch","line":92,"loc":{"start":{"line":92,"column":22},"end":{"line":94,"column":5}},"locations":[{"start":{"line":92,"column":22},"end":{"line":94,"column":5}}]},"9":{"type":"branch","line":94,"loc":{"start":{"line":94,"column":4},"end":{"line":96,"column":29}},"locations":[{"start":{"line":94,"column":4},"end":{"line":96,"column":29}}]},"10":{"type":"branch","line":96,"loc":{"start":{"line":96,"column":29},"end":{"line":98,"column":5}},"locations":[{"start":{"line":96,"column":29},"end":{"line":98,"column":5}}]},"11":{"type":"branch","line":98,"loc":{"start":{"line":98,"column":4},"end":{"line":100,"column":59}},"locations":[{"start":{"line":98,"column":4},"end":{"line":100,"column":59}}]},"12":{"type":"branch","line":100,"loc":{"start":{"line":100,"column":59},"end":{"line":102,"column":5}},"locations":[{"start":{"line":100,"column":59},"end":{"line":102,"column":5}}]},"13":{"type":"branch","line":102,"loc":{"start":{"line":102,"column":4},"end":{"line":104,"column":62}},"locations":[{"start":{"line":102,"column":4},"end":{"line":104,"column":62}}]},"14":{"type":"branch","line":104,"loc":{"start":{"line":104,"column":62},"end":{"line":106,"column":5}},"locations":[{"start":{"line":104,"column":62},"end":{"line":106,"column":5}}]},"15":{"type":"branch","line":109,"loc":{"start":{"line":109,"column":10},"end":{"line":121,"column":3}},"locations":[{"start":{"line":109,"column":10},"end":{"line":121,"column":3}}]},"16":{"type":"branch","line":110,"loc":{"start":{"line":110,"column":22},"end":{"line":112,"column":5}},"locations":[{"start":{"line":110,"column":22},"end":{"line":112,"column":5}}]},"17":{"type":"branch","line":112,"loc":{"start":{"line":112,"column":4},"end":{"line":114,"column":20}},"locations":[{"start":{"line":112,"column":4},"end":{"line":114,"column":20}}]},"18":{"type":"branch","line":114,"loc":{"start":{"line":114,"column":20},"end":{"line":116,"column":5}},"locations":[{"start":{"line":114,"column":20},"end":{"line":116,"column":5}}]},"19":{"type":"branch","line":116,"loc":{"start":{"line":116,"column":4},"end":{"line":118,"column":63}},"locations":[{"start":{"line":116,"column":4},"end":{"line":118,"column":63}}]},"20":{"type":"branch","line":118,"loc":{"start":{"line":118,"column":63},"end":{"line":120,"column":5}},"locations":[{"start":{"line":118,"column":63},"end":{"line":120,"column":5}}]},"21":{"type":"branch","line":123,"loc":{"start":{"line":123,"column":2},"end":{"line":125,"column":3}},"locations":[{"start":{"line":123,"column":2},"end":{"line":125,"column":3}}]},"22":{"type":"branch","line":127,"loc":{"start":{"line":127,"column":2},"end":{"line":129,"column":3}},"locations":[{"start":{"line":127,"column":2},"end":{"line":129,"column":3}}]},"23":{"type":"branch","line":131,"loc":{"start":{"line":131,"column":2},"end":{"line":168,"column":3}},"locations":[{"start":{"line":131,"column":2},"end":{"line":168,"column":3}}]},"24":{"type":"branch","line":136,"loc":{"start":{"line":136,"column":25},"end":{"line":136,"column":57}},"locations":[{"start":{"line":136,"column":25},"end":{"line":136,"column":57}}]},"25":{"type":"branch","line":143,"loc":{"start":{"line":143,"column":18},"end":{"line":161,"column":5}},"locations":[{"start":{"line":143,"column":18},"end":{"line":161,"column":5}}]},"26":{"type":"branch","line":146,"loc":{"start":{"line":146,"column":47},"end":{"line":147,"column":55}},"locations":[{"start":{"line":146,"column":47},"end":{"line":147,"column":55}}]},"27":{"type":"branch","line":147,"loc":{"start":{"line":147,"column":55},"end":{"line":149,"column":9}},"locations":[{"start":{"line":147,"column":55},"end":{"line":149,"column":9}}]},"28":{"type":"branch","line":152,"loc":{"start":{"line":152,"column":52},"end":{"line":154,"column":9}},"locations":[{"start":{"line":152,"column":52},"end":{"line":154,"column":9}}]},"29":{"type":"branch","line":157,"loc":{"start":{"line":157,"column":65},"end":{"line":159,"column":9}},"locations":[{"start":{"line":157,"column":65},"end":{"line":159,"column":9}}]},"30":{"type":"branch","line":170,"loc":{"start":{"line":170,"column":2},"end":{"line":195,"column":3}},"locations":[{"start":{"line":170,"column":2},"end":{"line":195,"column":3}}]},"31":{"type":"branch","line":175,"loc":{"start":{"line":175,"column":27},"end":{"line":175,"column":61}},"locations":[{"start":{"line":175,"column":27},"end":{"line":175,"column":61}}]},"32":{"type":"branch","line":178,"loc":{"start":{"line":178,"column":29},"end":{"line":178,"column":67}},"locations":[{"start":{"line":178,"column":29},"end":{"line":178,"column":67}}]},"33":{"type":"branch","line":178,"loc":{"start":{"line":178,"column":67},"end":{"line":187,"column":42}},"locations":[{"start":{"line":178,"column":67},"end":{"line":187,"column":42}}]},"34":{"type":"branch","line":187,"loc":{"start":{"line":187,"column":36},"end":{"line":187,"column":44}},"locations":[{"start":{"line":187,"column":36},"end":{"line":187,"column":44}}]},"35":{"type":"branch","line":188,"loc":{"start":{"line":188,"column":46},"end":{"line":188,"column":53}},"locations":[{"start":{"line":188,"column":46},"end":{"line":188,"column":53}}]},"36":{"type":"branch","line":197,"loc":{"start":{"line":197,"column":2},"end":{"line":200,"column":3}},"locations":[{"start":{"line":197,"column":2},"end":{"line":200,"column":3}}]},"37":{"type":"branch","line":199,"loc":{"start":{"line":199,"column":36},"end":{"line":199,"column":48}},"locations":[{"start":{"line":199,"column":36},"end":{"line":199,"column":48}}]},"38":{"type":"branch","line":202,"loc":{"start":{"line":202,"column":2},"end":{"line":213,"column":3}},"locations":[{"start":{"line":202,"column":2},"end":{"line":213,"column":3}}]},"39":{"type":"branch","line":206,"loc":{"start":{"line":206,"column":47},"end":{"line":210,"column":5}},"locations":[{"start":{"line":206,"column":47},"end":{"line":210,"column":5}}]},"40":{"type":"branch","line":207,"loc":{"start":{"line":207,"column":24},"end":{"line":209,"column":7}},"locations":[{"start":{"line":207,"column":24},"end":{"line":209,"column":7}}]},"41":{"type":"branch","line":215,"loc":{"start":{"line":215,"column":2},"end":{"line":248,"column":3}},"locations":[{"start":{"line":215,"column":2},"end":{"line":248,"column":3}}]},"42":{"type":"branch","line":227,"loc":{"start":{"line":227,"column":18},"end":{"line":241,"column":5}},"locations":[{"start":{"line":227,"column":18},"end":{"line":241,"column":5}}]},"43":{"type":"branch","line":229,"loc":{"start":{"line":229,"column":250},"end":{"line":231,"column":9}},"locations":[{"start":{"line":229,"column":250},"end":{"line":231,"column":9}}]},"44":{"type":"branch","line":233,"loc":{"start":{"line":233,"column":101},"end":{"line":235,"column":9}},"locations":[{"start":{"line":233,"column":101},"end":{"line":235,"column":9}}]},"45":{"type":"branch","line":237,"loc":{"start":{"line":237,"column":84},"end":{"line":239,"column":9}},"locations":[{"start":{"line":237,"column":84},"end":{"line":239,"column":9}}]}},"b":{"0":[62],"1":[28],"2":[1],"3":[27],"4":[28],"5":[1],"6":[27],"7":[31],"8":[1],"9":[30],"10":[1],"11":[29],"12":[1],"13":[28],"14":[1],"15":[30],"16":[1],"17":[29],"18":[1],"19":[28],"20":[1],"21":[1],"22":[7],"23":[3],"24":[1],"25":[5],"26":[4],"27":[2],"28":[2],"29":[2],"30":[2],"31":[1],"32":[1],"33":[1],"34":[0],"35":[0],"36":[1],"37":[0],"38":[1],"39":[1],"40":[7],"41":[1],"42":[3],"43":[2],"44":[1],"45":[2]},"fnMap":{"0":{"name":"YamlParser","decl":{"start":{"line":56,"column":7},"end":{"line":57,"column":45}},"loc":{"start":{"line":56,"column":7},"end":{"line":57,"column":45}},"line":56},"1":{"name":"parseActionYaml","decl":{"start":{"line":59,"column":2},"end":{"line":73,"column":3}},"loc":{"start":{"line":59,"column":2},"end":{"line":73,"column":3}},"line":59},"2":{"name":"parseWorkflowYaml","decl":{"start":{"line":75,"column":2},"end":{"line":89,"column":3}},"loc":{"start":{"line":75,"column":2},"end":{"line":89,"column":3}},"line":75},"3":{"name":"validateActionConfig","decl":{"start":{"line":91,"column":10},"end":{"line":107,"column":3}},"loc":{"start":{"line":91,"column":10},"end":{"line":107,"column":3}},"line":91},"4":{"name":"validateWorkflowConfig","decl":{"start":{"line":109,"column":10},"end":{"line":121,"column":3}},"loc":{"start":{"line":109,"column":10},"end":{"line":121,"column":3}},"line":109},"5":{"name":"clearCache","decl":{"start":{"line":123,"column":2},"end":{"line":125,"column":3}},"loc":{"start":{"line":123,"column":2},"end":{"line":125,"column":3}},"line":123},"6":{"name":"getCacheSize","decl":{"start":{"line":127,"column":2},"end":{"line":129,"column":3}},"loc":{"start":{"line":127,"column":2},"end":{"line":129,"column":3}},"line":127},"7":{"name":"analyzeActionSecurity","decl":{"start":{"line":131,"column":2},"end":{"line":168,"column":3}},"loc":{"start":{"line":131,"column":2},"end":{"line":168,"column":3}},"line":131},"8":{"name":"analyzeWorkflowMatrix","decl":{"start":{"line":170,"column":2},"end":{"line":195,"column":3}},"loc":{"start":{"line":170,"column":2},"end":{"line":195,"column":3}},"line":170},"9":{"name":"extractActionInputs","decl":{"start":{"line":197,"column":2},"end":{"line":200,"column":3}},"loc":{"start":{"line":197,"column":2},"end":{"line":200,"column":3}},"line":197},"10":{"name":"extractWorkflowSteps","decl":{"start":{"line":202,"column":2},"end":{"line":213,"column":3}},"loc":{"start":{"line":202,"column":2},"end":{"line":213,"column":3}},"line":202},"11":{"name":"checkWranglerConfiguration","decl":{"start":{"line":215,"column":2},"end":{"line":248,"column":3}},"loc":{"start":{"line":215,"column":2},"end":{"line":248,"column":3}},"line":215}},"f":{"0":62,"1":28,"2":28,"3":31,"4":30,"5":1,"6":7,"7":3,"8":2,"9":1,"10":1,"11":1}}
,"C:\\Users\\runneradmin\\AppData\\Local\\Temp\\deploy-20250811120952\\private\\test\\workflow\\workflow-helpers.ts": {"path":"C:\\Users\\runneradmin\\AppData\\Local\\Temp\\deploy-20250811120952\\private\\test\\workflow\\workflow-helpers.ts","all":false,"statementMap":{"0":{"start":{"line":1,"column":0},"end":{"line":1,"column":28}},"44":{"start":{"line":45,"column":0},"end":{"line":45,"column":32}},"47":{"start":{"line":48,"column":0},"end":{"line":48,"column":42}},"48":{"start":{"line":49,"column":0},"end":{"line":49,"column":69}},"49":{"start":{"line":50,"column":0},"end":{"line":50,"column":3}},"51":{"start":{"line":52,"column":0},"end":{"line":52,"column":60}},"52":{"start":{"line":53,"column":0},"end":{"line":53,"column":31}},"53":{"start":{"line":54,"column":0},"end":{"line":54,"column":67}},"54":{"start":{"line":55,"column":0},"end":{"line":55,"column":47}},"55":{"start":{"line":56,"column":0},"end":{"line":56,"column":28}},"57":{"start":{"line":58,"column":0},"end":{"line":58,"column":49}},"58":{"start":{"line":59,"column":0},"end":{"line":59,"column":58}},"59":{"start":{"line":60,"column":0},"end":{"line":60,"column":63}},"60":{"start":{"line":61,"column":0},"end":{"line":61,"column":7}},"61":{"start":{"line":62,"column":0},"end":{"line":62,"column":5}},"63":{"start":{"line":64,"column":0},"end":{"line":64,"column":17}},"64":{"start":{"line":65,"column":0},"end":{"line":65,"column":3}},"66":{"start":{"line":67,"column":0},"end":{"line":67,"column":61}},"67":{"start":{"line":68,"column":0},"end":{"line":68,"column":92}},"68":{"start":{"line":69,"column":0},"end":{"line":69,"column":3}},"70":{"start":{"line":71,"column":0},"end":{"line":71,"column":57}},"71":{"start":{"line":72,"column":0},"end":{"line":72,"column":88}},"72":{"start":{"line":73,"column":0},"end":{"line":73,"column":3}},"74":{"start":{"line":75,"column":0},"end":{"line":75,"column":102}},"75":{"start":{"line":76,"column":0},"end":{"line":76,"column":28}},"77":{"start":{"line":78,"column":0},"end":{"line":78,"column":33}},"78":{"start":{"line":79,"column":0},"end":{"line":79,"column":38}},"80":{"start":{"line":81,"column":0},"end":{"line":81,"column":27}},"81":{"start":{"line":82,"column":0},"end":{"line":82,"column":33}},"82":{"start":{"line":83,"column":0},"end":{"line":83,"column":48}},"83":{"start":{"line":84,"column":0},"end":{"line":84,"column":30}},"84":{"start":{"line":85,"column":0},"end":{"line":85,"column":7}},"85":{"start":{"line":86,"column":0},"end":{"line":86,"column":6}},"87":{"start":{"line":88,"column":0},"end":{"line":88,"column":19}},"88":{"start":{"line":89,"column":0},"end":{"line":89,"column":3}},"90":{"start":{"line":91,"column":0},"end":{"line":91,"column":86}},"91":{"start":{"line":92,"column":0},"end":{"line":92,"column":45}},"92":{"start":{"line":93,"column":0},"end":{"line":93,"column":38}},"94":{"start":{"line":95,"column":0},"end":{"line":95,"column":29}},"95":{"start":{"line":96,"column":0},"end":{"line":96,"column":72}},"96":{"start":{"line":97,"column":0},"end":{"line":97,"column":49}},"98":{"start":{"line":99,"column":0},"end":{"line":99,"column":16}},"99":{"start":{"line":100,"column":0},"end":{"line":100,"column":58}},"100":{"start":{"line":101,"column":0},"end":{"line":101,"column":74}},"101":{"start":{"line":102,"column":0},"end":{"line":102,"column":42}},"102":{"start":{"line":103,"column":0},"end":{"line":103,"column":5}},"104":{"start":{"line":105,"column":0},"end":{"line":105,"column":15}},"105":{"start":{"line":106,"column":0},"end":{"line":106,"column":3}},"106":{"start":{"line":107,"column":0},"end":{"line":107,"column":1}},"108":{"start":{"line":109,"column":0},"end":{"line":109,"column":29}},"109":{"start":{"line":110,"column":0},"end":{"line":110,"column":65}},"110":{"start":{"line":111,"column":0},"end":{"line":111,"column":78}},"112":{"start":{"line":113,"column":0},"end":{"line":113,"column":63}},"113":{"start":{"line":114,"column":0},"end":{"line":114,"column":45}},"114":{"start":{"line":115,"column":0},"end":{"line":115,"column":3}},"116":{"start":{"line":117,"column":0},"end":{"line":117,"column":50}},"117":{"start":{"line":118,"column":0},"end":{"line":118,"column":29}},"118":{"start":{"line":119,"column":0},"end":{"line":119,"column":3}},"120":{"start":{"line":121,"column":0},"end":{"line":121,"column":49}},"121":{"start":{"line":122,"column":0},"end":{"line":122,"column":28}},"122":{"start":{"line":123,"column":0},"end":{"line":123,"column":3}},"124":{"start":{"line":125,"column":0},"end":{"line":125,"column":44}},"125":{"start":{"line":126,"column":0},"end":{"line":126,"column":59}},"126":{"start":{"line":127,"column":0},"end":{"line":127,"column":38}},"127":{"start":{"line":128,"column":0},"end":{"line":128,"column":24}},"128":{"start":{"line":129,"column":0},"end":{"line":129,"column":7}},"129":{"start":{"line":130,"column":0},"end":{"line":130,"column":5}},"130":{"start":{"line":131,"column":0},"end":{"line":131,"column":60}},"131":{"start":{"line":132,"column":0},"end":{"line":132,"column":3}},"133":{"start":{"line":134,"column":0},"end":{"line":134,"column":17}},"134":{"start":{"line":135,"column":0},"end":{"line":135,"column":31}},"135":{"start":{"line":136,"column":0},"end":{"line":136,"column":50}},"136":{"start":{"line":137,"column":0},"end":{"line":137,"column":3}},"138":{"start":{"line":139,"column":0},"end":{"line":139,"column":40}},"139":{"start":{"line":140,"column":0},"end":{"line":140,"column":49}},"140":{"start":{"line":141,"column":0},"end":{"line":141,"column":3}},"141":{"start":{"line":142,"column":0},"end":{"line":142,"column":1}},"143":{"start":{"line":144,"column":0},"end":{"line":144,"column":37}},"144":{"start":{"line":145,"column":0},"end":{"line":145,"column":21}},"145":{"start":{"line":146,"column":0},"end":{"line":146,"column":24}},"146":{"start":{"line":147,"column":0},"end":{"line":147,"column":24}},"147":{"start":{"line":148,"column":0},"end":{"line":148,"column":24}},"148":{"start":{"line":149,"column":0},"end":{"line":149,"column":7}},"149":{"start":{"line":150,"column":0},"end":{"line":150,"column":20}},"150":{"start":{"line":151,"column":0},"end":{"line":151,"column":30}},"151":{"start":{"line":152,"column":0},"end":{"line":152,"column":5}},"153":{"start":{"line":154,"column":0},"end":{"line":154,"column":31}},"154":{"start":{"line":155,"column":0},"end":{"line":155,"column":54}},"155":{"start":{"line":156,"column":0},"end":{"line":156,"column":79}},"156":{"start":{"line":157,"column":0},"end":{"line":157,"column":57}},"157":{"start":{"line":158,"column":0},"end":{"line":158,"column":6}},"159":{"start":{"line":160,"column":0},"end":{"line":160,"column":42}},"161":{"start":{"line":162,"column":0},"end":{"line":162,"column":31}},"162":{"start":{"line":163,"column":0},"end":{"line":163,"column":37}},"163":{"start":{"line":164,"column":0},"end":{"line":164,"column":63}},"165":{"start":{"line":166,"column":0},"end":{"line":166,"column":40}},"166":{"start":{"line":167,"column":0},"end":{"line":167,"column":84}},"167":{"start":{"line":168,"column":0},"end":{"line":168,"column":92}},"168":{"start":{"line":169,"column":0},"end":{"line":169,"column":28}},"169":{"start":{"line":170,"column":0},"end":{"line":170,"column":47}},"170":{"start":{"line":171,"column":0},"end":{"line":171,"column":83}},"171":{"start":{"line":172,"column":0},"end":{"line":172,"column":11}},"172":{"start":{"line":173,"column":0},"end":{"line":173,"column":51}},"173":{"start":{"line":174,"column":0},"end":{"line":174,"column":90}},"174":{"start":{"line":175,"column":0},"end":{"line":175,"column":55}},"175":{"start":{"line":176,"column":0},"end":{"line":176,"column":91}},"176":{"start":{"line":177,"column":0},"end":{"line":177,"column":9}},"177":{"start":{"line":178,"column":0},"end":{"line":178,"column":14}},"178":{"start":{"line":179,"column":0},"end":{"line":179,"column":84}},"179":{"start":{"line":180,"column":0},"end":{"line":180,"column":88}},"180":{"start":{"line":181,"column":0},"end":{"line":181,"column":28}},"181":{"start":{"line":182,"column":0},"end":{"line":182,"column":47}},"182":{"start":{"line":183,"column":0},"end":{"line":183,"column":83}},"183":{"start":{"line":184,"column":0},"end":{"line":184,"column":11}},"184":{"start":{"line":185,"column":0},"end":{"line":185,"column":16}},"185":{"start":{"line":186,"column":0},"end":{"line":186,"column":44}},"186":{"start":{"line":187,"column":0},"end":{"line":187,"column":9}},"187":{"start":{"line":188,"column":0},"end":{"line":188,"column":7}},"188":{"start":{"line":189,"column":0},"end":{"line":189,"column":5}},"190":{"start":{"line":191,"column":0},"end":{"line":191,"column":13}},"191":{"start":{"line":192,"column":0},"end":{"line":192,"column":21}},"192":{"start":{"line":193,"column":0},"end":{"line":193,"column":34}},"193":{"start":{"line":194,"column":0},"end":{"line":194,"column":43}},"194":{"start":{"line":195,"column":0},"end":{"line":195,"column":60}},"195":{"start":{"line":196,"column":0},"end":{"line":196,"column":7}},"196":{"start":{"line":197,"column":0},"end":{"line":197,"column":5}},"197":{"start":{"line":198,"column":0},"end":{"line":198,"column":19}},"198":{"start":{"line":199,"column":0},"end":{"line":199,"column":13}},"199":{"start":{"line":200,"column":0},"end":{"line":200,"column":22}},"200":{"start":{"line":201,"column":0},"end":{"line":201,"column":68}},"201":{"start":{"line":202,"column":0},"end":{"line":202,"column":5}},"202":{"start":{"line":203,"column":0},"end":{"line":203,"column":3}},"203":{"start":{"line":204,"column":0},"end":{"line":204,"column":1}},"205":{"start":{"line":206,"column":0},"end":{"line":206,"column":88}},"206":{"start":{"line":207,"column":0},"end":{"line":207,"column":29}},"208":{"start":{"line":209,"column":0},"end":{"line":209,"column":60}},"209":{"start":{"line":210,"column":0},"end":{"line":210,"column":74}},"210":{"start":{"line":211,"column":0},"end":{"line":211,"column":67}},"211":{"start":{"line":212,"column":0},"end":{"line":212,"column":69}},"212":{"start":{"line":213,"column":0},"end":{"line":213,"column":51}},"213":{"start":{"line":214,"column":0},"end":{"line":214,"column":3}},"214":{"start":{"line":215,"column":0},"end":{"line":215,"column":71}},"216":{"start":{"line":217,"column":0},"end":{"line":217,"column":15}},"217":{"start":{"line":218,"column":0},"end":{"line":218,"column":1}},"219":{"start":{"line":220,"column":0},"end":{"line":220,"column":90}},"220":{"start":{"line":221,"column":0},"end":{"line":221,"column":68}},"221":{"start":{"line":222,"column":0},"end":{"line":222,"column":1}},"223":{"start":{"line":224,"column":0},"end":{"line":224,"column":85}},"224":{"start":{"line":225,"column":0},"end":{"line":225,"column":44}},"225":{"start":{"line":226,"column":0},"end":{"line":226,"column":45}},"226":{"start":{"line":227,"column":0},"end":{"line":227,"column":3}},"228":{"start":{"line":229,"column":0},"end":{"line":229,"column":46}},"229":{"start":{"line":230,"column":0},"end":{"line":230,"column":102}},"231":{"start":{"line":232,"column":0},"end":{"line":232,"column":39}},"232":{"start":{"line":233,"column":0},"end":{"line":233,"column":41}},"233":{"start":{"line":234,"column":0},"end":{"line":234,"column":57}},"234":{"start":{"line":235,"column":0},"end":{"line":235,"column":5}},"235":{"start":{"line":236,"column":0},"end":{"line":236,"column":3}},"237":{"start":{"line":238,"column":0},"end":{"line":238,"column":87}},"238":{"start":{"line":239,"column":0},"end":{"line":239,"column":53}},"239":{"start":{"line":240,"column":0},"end":{"line":240,"column":3}},"240":{"start":{"line":241,"column":0},"end":{"line":241,"column":1}}},"s":{"0":1,"44":1,"47":1,"48":17,"49":17,"51":1,"52":2,"53":2,"54":2,"55":2,"57":2,"58":8,"59":3,"60":3,"61":8,"63":2,"64":2,"66":1,"67":14,"68":14,"70":1,"71":3,"72":3,"74":1,"75":4,"77":3,"78":3,"80":3,"81":307,"82":307,"83":196,"84":196,"85":3,"87":3,"88":4,"90":1,"91":6,"92":6,"94":5,"95":5,"96":5,"98":6,"99":4,"100":4,"101":4,"102":4,"104":1,"105":6,"106":1,"108":1,"109":24,"110":24,"112":1,"113":15,"114":15,"116":1,"117":11,"118":11,"120":1,"121":7,"122":7,"124":1,"125":6,"126":5,"127":5,"128":5,"129":5,"130":1,"131":6,"133":1,"134":2,"135":2,"136":2,"138":1,"139":8,"140":8,"141":1,"143":1,"144":10,"145":10,"146":10,"147":10,"148":10,"149":10,"150":1,"151":1,"153":9,"154":9,"155":4,"156":4,"157":9,"159":9,"161":10,"162":17,"163":17,"165":17,"166":5,"167":2,"168":2,"169":2,"170":2,"171":2,"172":5,"173":1,"174":3,"175":1,"176":1,"177":17,"178":6,"179":2,"180":2,"181":2,"182":2,"183":2,"184":6,"185":4,"186":4,"187":6,"188":17,"190":7,"191":7,"192":7,"193":7,"194":7,"195":7,"196":7,"197":10,"198":2,"199":2,"200":2,"201":2,"202":2,"203":10,"205":1,"206":3,"208":3,"209":3,"210":3,"211":3,"212":1,"213":1,"214":3,"216":3,"217":3,"219":1,"220":8,"221":8,"223":1,"224":8,"225":4,"226":4,"228":4,"229":4,"231":8,"232":11,"233":2,"234":2,"235":11,"237":8,"238":1,"239":1,"240":8},"branchMap":{"0":{"type":"branch","line":48,"loc":{"start":{"line":48,"column":2},"end":{"line":50,"column":3}},"locations":[{"start":{"line":48,"column":2},"end":{"line":50,"column":3}}]},"1":{"type":"branch","line":52,"loc":{"start":{"line":52,"column":2},"end":{"line":65,"column":3}},"locations":[{"start":{"line":52,"column":2},"end":{"line":65,"column":3}}]},"2":{"type":"branch","line":58,"loc":{"start":{"line":58,"column":48},"end":{"line":62,"column":5}},"locations":[{"start":{"line":58,"column":48},"end":{"line":62,"column":5}}]},"3":{"type":"branch","line":59,"loc":{"start":{"line":59,"column":57},"end":{"line":61,"column":7}},"locations":[{"start":{"line":59,"column":57},"end":{"line":61,"column":7}}]},"4":{"type":"branch","line":55,"loc":{"start":{"line":55,"column":14},"end":{"line":55,"column":46}},"locations":[{"start":{"line":55,"column":14},"end":{"line":55,"column":46}}]},"5":{"type":"branch","line":56,"loc":{"start":{"line":56,"column":11},"end":{"line":56,"column":27}},"locations":[{"start":{"line":56,"column":11},"end":{"line":56,"column":27}}]},"6":{"type":"branch","line":67,"loc":{"start":{"line":67,"column":2},"end":{"line":69,"column":3}},"locations":[{"start":{"line":67,"column":2},"end":{"line":69,"column":3}}]},"7":{"type":"branch","line":68,"loc":{"start":{"line":68,"column":45},"end":{"line":68,"column":91}},"locations":[{"start":{"line":68,"column":45},"end":{"line":68,"column":91}}]},"8":{"type":"branch","line":71,"loc":{"start":{"line":71,"column":2},"end":{"line":73,"column":3}},"locations":[{"start":{"line":71,"column":2},"end":{"line":73,"column":3}}]},"9":{"type":"branch","line":72,"loc":{"start":{"line":72,"column":45},"end":{"line":72,"column":87}},"locations":[{"start":{"line":72,"column":45},"end":{"line":72,"column":87}}]},"10":{"type":"branch","line":75,"loc":{"start":{"line":75,"column":2},"end":{"line":89,"column":3}},"locations":[{"start":{"line":75,"column":2},"end":{"line":89,"column":3}}]},"11":{"type":"branch","line":76,"loc":{"start":{"line":76,"column":19},"end":{"line":76,"column":28}},"locations":[{"start":{"line":76,"column":19},"end":{"line":76,"column":28}}]},"12":{"type":"branch","line":76,"loc":{"start":{"line":76,"column":27},"end":{"line":88,"column":19}},"locations":[{"start":{"line":76,"column":27},"end":{"line":88,"column":19}}]},"13":{"type":"branch","line":81,"loc":{"start":{"line":81,"column":18},"end":{"line":86,"column":5}},"locations":[{"start":{"line":81,"column":18},"end":{"line":86,"column":5}}]},"14":{"type":"branch","line":83,"loc":{"start":{"line":83,"column":10},"end":{"line":83,"column":47}},"locations":[{"start":{"line":83,"column":10},"end":{"line":83,"column":47}}]},"15":{"type":"branch","line":83,"loc":{"start":{"line":83,"column":47},"end":{"line":85,"column":7}},"locations":[{"start":{"line":83,"column":47},"end":{"line":85,"column":7}}]},"16":{"type":"branch","line":91,"loc":{"start":{"line":91,"column":2},"end":{"line":106,"column":3}},"locations":[{"start":{"line":91,"column":2},"end":{"line":106,"column":3}}]},"17":{"type":"branch","line":93,"loc":{"start":{"line":93,"column":27},"end":{"line":93,"column":38}},"locations":[{"start":{"line":93,"column":27},"end":{"line":93,"column":38}}]},"18":{"type":"branch","line":93,"loc":{"start":{"line":93,"column":34},"end":{"line":99,"column":15}},"locations":[{"start":{"line":93,"column":34},"end":{"line":99,"column":15}}]},"19":{"type":"branch","line":99,"loc":{"start":{"line":99,"column":15},"end":{"line":103,"column":5}},"locations":[{"start":{"line":99,"column":15},"end":{"line":103,"column":5}}]},"20":{"type":"branch","line":103,"loc":{"start":{"line":103,"column":4},"end":{"line":105,"column":15}},"locations":[{"start":{"line":103,"column":4},"end":{"line":105,"column":15}}]},"21":{"type":"branch","line":109,"loc":{"start":{"line":109,"column":7},"end":{"line":111,"column":78}},"locations":[{"start":{"line":109,"column":7},"end":{"line":111,"column":78}}]},"22":{"type":"branch","line":113,"loc":{"start":{"line":113,"column":2},"end":{"line":115,"column":3}},"locations":[{"start":{"line":113,"column":2},"end":{"line":115,"column":3}}]},"23":{"type":"branch","line":117,"loc":{"start":{"line":117,"column":2},"end":{"line":119,"column":3}},"locations":[{"start":{"line":117,"column":2},"end":{"line":119,"column":3}}]},"24":{"type":"branch","line":121,"loc":{"start":{"line":121,"column":2},"end":{"line":123,"column":3}},"locations":[{"start":{"line":121,"column":2},"end":{"line":123,"column":3}}]},"25":{"type":"branch","line":125,"loc":{"start":{"line":125,"column":2},"end":{"line":132,"column":3}},"locations":[{"start":{"line":125,"column":2},"end":{"line":132,"column":3}}]},"26":{"type":"branch","line":126,"loc":{"start":{"line":126,"column":58},"end":{"line":130,"column":5}},"locations":[{"start":{"line":126,"column":58},"end":{"line":130,"column":5}}]},"27":{"type":"branch","line":130,"loc":{"start":{"line":130,"column":4},"end":{"line":131,"column":60}},"locations":[{"start":{"line":130,"column":4},"end":{"line":131,"column":60}}]},"28":{"type":"branch","line":134,"loc":{"start":{"line":134,"column":2},"end":{"line":137,"column":3}},"locations":[{"start":{"line":134,"column":2},"end":{"line":137,"column":3}}]},"29":{"type":"branch","line":139,"loc":{"start":{"line":139,"column":2},"end":{"line":141,"column":3}},"locations":[{"start":{"line":139,"column":2},"end":{"line":141,"column":3}}]},"30":{"type":"branch","line":144,"loc":{"start":{"line":144,"column":7},"end":{"line":204,"column":1}},"locations":[{"start":{"line":144,"column":7},"end":{"line":204,"column":1}}]},"31":{"type":"branch","line":150,"loc":{"start":{"line":150,"column":19},"end":{"line":152,"column":5}},"locations":[{"start":{"line":150,"column":19},"end":{"line":152,"column":5}}]},"32":{"type":"branch","line":152,"loc":{"start":{"line":152,"column":4},"end":{"line":162,"column":30}},"locations":[{"start":{"line":152,"column":4},"end":{"line":162,"column":30}}]},"33":{"type":"branch","line":162,"loc":{"start":{"line":162,"column":30},"end":{"line":189,"column":5}},"locations":[{"start":{"line":162,"column":30},"end":{"line":189,"column":5}}]},"34":{"type":"branch","line":164,"loc":{"start":{"line":164,"column":11},"end":{"line":164,"column":55}},"locations":[{"start":{"line":164,"column":11},"end":{"line":164,"column":55}}]},"35":{"type":"branch","line":164,"loc":{"start":{"line":164,"column":55},"end":{"line":164,"column":63}},"locations":[{"start":{"line":164,"column":55},"end":{"line":164,"column":63}}]},"36":{"type":"branch","line":164,"loc":{"start":{"line":164,"column":55},"end":{"line":166,"column":39}},"locations":[{"start":{"line":164,"column":55},"end":{"line":166,"column":39}}]},"37":{"type":"branch","line":166,"loc":{"start":{"line":166,"column":39},"end":{"line":178,"column":13}},"locations":[{"start":{"line":166,"column":39},"end":{"line":178,"column":13}}]},"38":{"type":"branch","line":167,"loc":{"start":{"line":167,"column":39},"end":{"line":167,"column":83}},"locations":[{"start":{"line":167,"column":39},"end":{"line":167,"column":83}}]},"39":{"type":"branch","line":167,"loc":{"start":{"line":167,"column":83},"end":{"line":173,"column":19}},"locations":[{"start":{"line":167,"column":83},"end":{"line":173,"column":19}}]},"40":{"type":"branch","line":173,"loc":{"start":{"line":173,"column":8},"end":{"line":177,"column":9}},"locations":[{"start":{"line":173,"column":8},"end":{"line":177,"column":9}}]},"41":{"type":"branch","line":173,"loc":{"start":{"line":173,"column":50},"end":{"line":175,"column":19}},"locations":[{"start":{"line":173,"column":50},"end":{"line":175,"column":19}}]},"42":{"type":"branch","line":175,"loc":{"start":{"line":175,"column":8},"end":{"line":177,"column":9}},"locations":[{"start":{"line":175,"column":8},"end":{"line":177,"column":9}}]},"43":{"type":"branch","line":175,"loc":{"start":{"line":175,"column":54},"end":{"line":177,"column":9}},"locations":[{"start":{"line":175,"column":54},"end":{"line":177,"column":9}}]},"44":{"type":"branch","line":178,"loc":{"start":{"line":178,"column":6},"end":{"line":188,"column":7}},"locations":[{"start":{"line":178,"column":6},"end":{"line":188,"column":7}}]},"45":{"type":"branch","line":179,"loc":{"start":{"line":179,"column":39},"end":{"line":179,"column":83}},"locations":[{"start":{"line":179,"column":39},"end":{"line":179,"column":83}}]},"46":{"type":"branch","line":179,"loc":{"start":{"line":179,"column":83},"end":{"line":185,"column":15}},"locations":[{"start":{"line":179,"column":83},"end":{"line":185,"column":15}}]},"47":{"type":"branch","line":185,"loc":{"start":{"line":185,"column":8},"end":{"line":187,"column":9}},"locations":[{"start":{"line":185,"column":8},"end":{"line":187,"column":9}}]},"48":{"type":"branch","line":189,"loc":{"start":{"line":189,"column":4},"end":{"line":198,"column":11}},"locations":[{"start":{"line":189,"column":4},"end":{"line":198,"column":11}}]},"49":{"type":"branch","line":198,"loc":{"start":{"line":198,"column":2},"end":{"line":203,"column":3}},"locations":[{"start":{"line":198,"column":2},"end":{"line":203,"column":3}}]},"50":{"type":"branch","line":201,"loc":{"start":{"line":201,"column":30},"end":{"line":201,"column":54}},"locations":[{"start":{"line":201,"column":30},"end":{"line":201,"column":54}}]},"51":{"type":"branch","line":201,"loc":{"start":{"line":201,"column":44},"end":{"line":201,"column":68}},"locations":[{"start":{"line":201,"column":44},"end":{"line":201,"column":68}}]},"52":{"type":"branch","line":155,"loc":{"start":{"line":155,"column":35},"end":{"line":158,"column":5}},"locations":[{"start":{"line":155,"column":35},"end":{"line":158,"column":5}}]},"53":{"type":"branch","line":195,"loc":{"start":{"line":195,"column":18},"end":{"line":195,"column":59}},"locations":[{"start":{"line":195,"column":18},"end":{"line":195,"column":59}}]},"54":{"type":"branch","line":206,"loc":{"start":{"line":206,"column":7},"end":{"line":218,"column":1}},"locations":[{"start":{"line":206,"column":7},"end":{"line":218,"column":1}}]},"55":{"type":"branch","line":209,"loc":{"start":{"line":209,"column":26},"end":{"line":209,"column":60}},"locations":[{"start":{"line":209,"column":26},"end":{"line":209,"column":60}}]},"56":{"type":"branch","line":210,"loc":{"start":{"line":210,"column":33},"end":{"line":210,"column":74}},"locations":[{"start":{"line":210,"column":33},"end":{"line":210,"column":74}}]},"57":{"type":"branch","line":211,"loc":{"start":{"line":211,"column":26},"end":{"line":211,"column":67}},"locations":[{"start":{"line":211,"column":26},"end":{"line":211,"column":67}}]},"58":{"type":"branch","line":212,"loc":{"start":{"line":212,"column":19},"end":{"line":212,"column":68}},"locations":[{"start":{"line":212,"column":19},"end":{"line":212,"column":68}}]},"59":{"type":"branch","line":212,"loc":{"start":{"line":212,"column":68},"end":{"line":214,"column":3}},"locations":[{"start":{"line":212,"column":68},"end":{"line":214,"column":3}}]},"60":{"type":"branch","line":215,"loc":{"start":{"line":215,"column":28},"end":{"line":215,"column":71}},"locations":[{"start":{"line":215,"column":28},"end":{"line":215,"column":71}}]},"61":{"type":"branch","line":220,"loc":{"start":{"line":220,"column":7},"end":{"line":222,"column":1}},"locations":[{"start":{"line":220,"column":7},"end":{"line":222,"column":1}}]},"62":{"type":"branch","line":224,"loc":{"start":{"line":224,"column":7},"end":{"line":241,"column":1}},"locations":[{"start":{"line":224,"column":7},"end":{"line":241,"column":1}}]},"63":{"type":"branch","line":225,"loc":{"start":{"line":225,"column":7},"end":{"line":225,"column":43}},"locations":[{"start":{"line":225,"column":7},"end":{"line":225,"column":43}}]},"64":{"type":"branch","line":225,"loc":{"start":{"line":225,"column":43},"end":{"line":232,"column":38}},"locations":[{"start":{"line":225,"column":43},"end":{"line":232,"column":38}}]},"65":{"type":"branch","line":232,"loc":{"start":{"line":232,"column":38},"end":{"line":236,"column":3}},"locations":[{"start":{"line":232,"column":38},"end":{"line":236,"column":3}}]},"66":{"type":"branch","line":233,"loc":{"start":{"line":233,"column":40},"end":{"line":235,"column":5}},"locations":[{"start":{"line":233,"column":40},"end":{"line":235,"column":5}}]},"67":{"type":"branch","line":236,"loc":{"start":{"line":236,"column":2},"end":{"line":238,"column":44}},"locations":[{"start":{"line":236,"column":2},"end":{"line":238,"column":44}}]},"68":{"type":"branch","line":238,"loc":{"start":{"line":238,"column":31},"end":{"line":238,"column":86}},"locations":[{"start":{"line":238,"column":31},"end":{"line":238,"column":86}}]},"69":{"type":"branch","line":238,"loc":{"start":{"line":238,"column":86},"end":{"line":240,"column":3}},"locations":[{"start":{"line":238,"column":86},"end":{"line":240,"column":3}}]}},"b":{"0":[17],"1":[2],"2":[8],"3":[3],"4":[10],"5":[8],"6":[14],"7":[24],"8":[3],"9":[2],"10":[4],"11":[1],"12":[3],"13":[307],"14":[254],"15":[196],"16":[6],"17":[1],"18":[5],"19":[4],"20":[1],"21":[24],"22":[15],"23":[11],"24":[7],"25":[6],"26":[5],"27":[1],"28":[2],"29":[8],"30":[10],"31":[1],"32":[9],"33":[17],"34":[13],"35":[6],"36":[11],"37":[5],"38":[3],"39":[2],"40":[3],"41":[1],"42":[2],"43":[1],"44":[6],"45":[3],"46":[2],"47":[4],"48":[7],"49":[2],"50":[1],"51":[1],"52":[4],"53":[6],"54":[3],"55":[1],"56":[1],"57":[1],"58":[2],"59":[1],"60":[1],"61":[8],"62":[8],"63":[6],"64":[4],"65":[11],"66":[2],"67":[2],"68":[1],"69":[1]},"fnMap":{"0":{"name":"WorkflowValidator","decl":{"start":{"line":48,"column":2},"end":{"line":50,"column":3}},"loc":{"start":{"line":48,"column":2},"end":{"line":50,"column":3}},"line":48},"1":{"name":"validateInputs","decl":{"start":{"line":52,"column":2},"end":{"line":65,"column":3}},"loc":{"start":{"line":52,"column":2},"end":{"line":65,"column":3}},"line":52},"2":{"name":"getStepByName","decl":{"start":{"line":67,"column":2},"end":{"line":69,"column":3}},"loc":{"start":{"line":67,"column":2},"end":{"line":69,"column":3}},"line":67},"3":{"name":"getStepById","decl":{"start":{"line":71,"column":2},"end":{"line":73,"column":3}},"loc":{"start":{"line":71,"column":2},"end":{"line":73,"column":3}},"line":71},"4":{"name":"extractCommandsFromStep","decl":{"start":{"line":75,"column":2},"end":{"line":89,"column":3}},"loc":{"start":{"line":75,"column":2},"end":{"line":89,"column":3}},"line":75},"5":{"name":"validateStepConditions","decl":{"start":{"line":91,"column":2},"end":{"line":106,"column":3}},"loc":{"start":{"line":91,"column":2},"end":{"line":106,"column":3}},"line":91},"6":{"name":"WorkflowMocker","decl":{"start":{"line":109,"column":7},"end":{"line":111,"column":78}},"loc":{"start":{"line":109,"column":7},"end":{"line":111,"column":78}},"line":109},"7":{"name":"mockCommand","decl":{"start":{"line":113,"column":2},"end":{"line":115,"column":3}},"loc":{"start":{"line":113,"column":2},"end":{"line":115,"column":3}},"line":113},"8":{"name":"setOutput","decl":{"start":{"line":117,"column":2},"end":{"line":119,"column":3}},"loc":{"start":{"line":117,"column":2},"end":{"line":119,"column":3}},"line":117},"9":{"name":"getOutput","decl":{"start":{"line":121,"column":2},"end":{"line":123,"column":3}},"loc":{"start":{"line":121,"column":2},"end":{"line":123,"column":3}},"line":121},"10":{"name":"executeCommand","decl":{"start":{"line":125,"column":2},"end":{"line":132,"column":3}},"loc":{"start":{"line":125,"column":2},"end":{"line":132,"column":3}},"line":125},"11":{"name":"reset","decl":{"start":{"line":134,"column":2},"end":{"line":137,"column":3}},"loc":{"start":{"line":134,"column":2},"end":{"line":137,"column":3}},"line":134},"12":{"name":"getOutputs","decl":{"start":{"line":139,"column":2},"end":{"line":141,"column":3}},"loc":{"start":{"line":139,"column":2},"end":{"line":141,"column":3}},"line":139},"13":{"name":"simulateWorkflowStep","decl":{"start":{"line":144,"column":7},"end":{"line":204,"column":1}},"loc":{"start":{"line":144,"column":7},"end":{"line":204,"column":1}},"line":144},"14":{"name":"validateActionStructure","decl":{"start":{"line":206,"column":7},"end":{"line":218,"column":1}},"loc":{"start":{"line":206,"column":7},"end":{"line":218,"column":1}},"line":206},"15":{"name":"isValidShell","decl":{"start":{"line":220,"column":7},"end":{"line":222,"column":1}},"loc":{"start":{"line":220,"column":7},"end":{"line":222,"column":1}},"line":220},"16":{"name":"assertWorkflowInput","decl":{"start":{"line":224,"column":7},"end":{"line":241,"column":1}},"loc":{"start":{"line":224,"column":7},"end":{"line":241,"column":1}},"line":224}},"f":{"0":17,"1":2,"2":14,"3":3,"4":4,"5":6,"6":24,"7":15,"8":11,"9":7,"10":6,"11":2,"12":8,"13":10,"14":3,"15":8,"16":8}}
}
